2025-06-18 13:43:34,140 INFO o.h.v.i.u.Version [background-preinit] HV000001: Hibernate Validator 8.0.1.Final
2025-06-18 13:43:34,202 INFO o.s.b.StartupInfoLogger [restartedMain] Starting SaminaviAttendanceApplication using Java 21.0.6 with PID 8748 (D:\Applications\Attendance_app\SaminaviAttendanceApplication\SaminaviAttendanceApplication\target\classes started by User in D:\Applications\Attendance_app\SaminaviAttendanceApplication\SaminaviAttendanceApplication)
2025-06-18 13:43:34,202 DEBUG o.s.b.StartupInfoLogger [restartedMain] Running with Spring Boot v3.2.3, Spring v6.1.4
2025-06-18 13:43:34,202 INFO o.s.b.SpringApplication [restartedMain] No active profile set, falling back to 1 default profile: "default"
2025-06-18 13:43:34,261 INFO o.s.b.l.DeferredLog [restartedMain] Devtools property defaults active! Set 'spring.devtools.add-properties' to 'false' to disable
2025-06-18 13:43:34,261 INFO o.s.b.l.DeferredLog [restartedMain] For additional web related logging consider setting the 'logging.level.web' property to 'DEBUG'
2025-06-18 13:43:34,973 INFO o.s.d.r.c.RepositoryConfigurationDelegate [restartedMain] Bootstrapping Spring Data JPA repositories in DEFAULT mode.
2025-06-18 13:43:35,018 INFO o.s.d.r.c.RepositoryConfigurationDelegate [restartedMain] Finished Spring Data repository scanning in 36 ms. Found 2 JPA repository interfaces.
2025-06-18 13:43:35,493 INFO o.s.b.w.e.t.TomcatWebServer [restartedMain] Tomcat initialized with port 9080 (http)
2025-06-18 13:43:35,493 INFO o.a.j.l.DirectJDKLog [restartedMain] Initializing ProtocolHandler ["http-nio-9080"]
2025-06-18 13:43:35,504 INFO o.a.j.l.DirectJDKLog [restartedMain] Starting service [Tomcat]
2025-06-18 13:43:35,505 INFO o.a.j.l.DirectJDKLog [restartedMain] Starting Servlet engine: [Apache Tomcat/10.1.19]
2025-06-18 13:43:35,544 INFO o.a.j.l.DirectJDKLog [restartedMain] Initializing Spring embedded WebApplicationContext
2025-06-18 13:43:35,544 INFO o.s.b.w.s.c.ServletWebServerApplicationContext [restartedMain] Root WebApplicationContext: initialization completed in 1283 ms
2025-06-18 13:43:35,610 DEBUG o.s.w.f.GenericFilterBean [restartedMain] Filter 'jwtRequestFilter' configured for use
2025-06-18 13:43:35,692 INFO o.h.j.i.u.LogHelper [restartedMain] HHH000204: Processing PersistenceUnitInfo [name: default]
2025-06-18 13:43:35,757 INFO o.h.Version [restartedMain] HHH000412: Hibernate ORM core version 6.4.4.Final
2025-06-18 13:43:35,809 INFO o.h.c.i.RegionFactoryInitiator [restartedMain] HHH000026: Second-level cache disabled
2025-06-18 13:43:36,009 INFO o.s.o.j.p.SpringPersistenceUnitInfo [restartedMain] No LoadTimeWeaver setup: ignoring JPA class transformer
2025-06-18 13:43:36,033 INFO c.z.h.HikariDataSource [restartedMain] HikariPool-1 - Starting...
2025-06-18 13:43:36,162 INFO c.z.h.p.HikariPool [restartedMain] HikariPool-1 - Added connection org.postgresql.jdbc.PgConnection@3f30b30e
2025-06-18 13:43:36,162 INFO c.z.h.HikariDataSource [restartedMain] HikariPool-1 - Start completed.
2025-06-18 13:43:36,195 WARN o.h.e.j.d.i.DialectFactoryImpl [restartedMain] HHH90000025: PostgreSQLDialect does not need to be specified explicitly using 'hibernate.dialect' (remove the property setting and it will be selected by default)
2025-06-18 13:43:36,987 INFO o.h.e.t.j.p.i.JtaPlatformInitiator [restartedMain] HHH000489: No JTA platform available (set 'hibernate.transaction.jta.platform' to enable JTA platform integration)
2025-06-18 13:43:37,063 INFO o.s.o.j.AbstractEntityManagerFactoryBean [restartedMain] Initialized JPA EntityManagerFactory for persistence unit 'default'
2025-06-18 13:43:37,578 INFO o.s.s.w.DefaultSecurityFilterChain [restartedMain] Will secure any request with [org.springframework.security.web.session.DisableEncodeUrlFilter@4a642df6, org.springframework.security.web.context.request.async.WebAsyncManagerIntegrationFilter@725a0ad0, org.springframework.security.web.context.SecurityContextHolderFilter@6c77bd0f, org.springframework.security.web.header.HeaderWriterFilter@5ee7cad0, org.springframework.web.filter.CorsFilter@7d0f76bf, org.springframework.security.web.authentication.logout.LogoutFilter@6ab9ae6b, com.saminavi.attendancePortal.SaminaviAttendanceApplication.config.security.jwt.JwtRequestFilter@73d2389f, org.springframework.security.web.savedrequest.RequestCacheAwareFilter@498fd4c7, org.springframework.security.web.servletapi.SecurityContextHolderAwareRequestFilter@1d384014, org.springframework.security.web.authentication.AnonymousAuthenticationFilter@c6a15f0, org.springframework.security.web.session.SessionManagementFilter@4c069786, org.springframework.security.web.access.ExceptionTranslationFilter@7e92ae6d, org.springframework.security.web.access.intercept.AuthorizationFilter@1d44a852]
2025-06-18 13:43:37,762 WARN o.s.b.d.a.OptionalLiveReloadServer [restartedMain] Unable to start LiveReload server
2025-06-18 13:43:37,776 INFO o.a.j.l.DirectJDKLog [restartedMain] Starting ProtocolHandler ["http-nio-9080"]
2025-06-18 13:43:37,780 WARN o.s.c.s.AbstractApplicationContext [restartedMain] Exception encountered during context initialization - cancelling refresh attempt: org.springframework.context.ApplicationContextException: Failed to start bean 'webServerStartStop'
2025-06-18 13:43:37,785 INFO o.s.o.j.AbstractEntityManagerFactoryBean [restartedMain] Closing JPA EntityManagerFactory for persistence unit 'default'
2025-06-18 13:43:37,788 INFO c.z.h.HikariDataSource [restartedMain] HikariPool-1 - Shutdown initiated...
2025-06-18 13:43:37,794 INFO c.z.h.HikariDataSource [restartedMain] HikariPool-1 - Shutdown completed.
2025-06-18 13:43:37,808 INFO o.s.b.a.l.ConditionEvaluationReportLogger [restartedMain] 

Error starting ApplicationContext. To display the condition evaluation report re-run your application with 'debug' enabled.
2025-06-18 13:43:37,848 ERROR o.s.b.d.LoggingFailureAnalysisReporter [restartedMain] 

***************************
APPLICATION FAILED TO START
***************************

Description:

Web server failed to start. Port 9080 was already in use.

Action:

Identify and stop the process that's listening on port 9080 or configure this application to listen on another port.

2025-06-18 13:45:34,809 INFO o.h.v.i.u.Version [background-preinit] HV000001: Hibernate Validator 8.0.1.Final
2025-06-18 13:45:34,845 INFO o.s.b.StartupInfoLogger [restartedMain] Starting SaminaviAttendanceApplication using Java 21.0.6 with PID 26868 (D:\Applications\Attendance_app\SaminaviAttendanceApplication\SaminaviAttendanceApplication\target\classes started by User in D:\Applications\Attendance_app\SaminaviAttendanceApplication\SaminaviAttendanceApplication)
2025-06-18 13:45:34,851 DEBUG o.s.b.StartupInfoLogger [restartedMain] Running with Spring Boot v3.2.3, Spring v6.1.4
2025-06-18 13:45:34,853 INFO o.s.b.SpringApplication [restartedMain] No active profile set, falling back to 1 default profile: "default"
2025-06-18 13:45:34,887 INFO o.s.b.l.DeferredLog [restartedMain] Devtools property defaults active! Set 'spring.devtools.add-properties' to 'false' to disable
2025-06-18 13:45:34,887 INFO o.s.b.l.DeferredLog [restartedMain] For additional web related logging consider setting the 'logging.level.web' property to 'DEBUG'
2025-06-18 13:45:35,412 INFO o.s.d.r.c.RepositoryConfigurationDelegate [restartedMain] Bootstrapping Spring Data JPA repositories in DEFAULT mode.
2025-06-18 13:45:35,457 INFO o.s.d.r.c.RepositoryConfigurationDelegate [restartedMain] Finished Spring Data repository scanning in 38 ms. Found 2 JPA repository interfaces.
2025-06-18 13:45:35,893 INFO o.s.b.w.e.t.TomcatWebServer [restartedMain] Tomcat initialized with port 9081 (http)
2025-06-18 13:45:35,901 INFO o.a.j.l.DirectJDKLog [restartedMain] Initializing ProtocolHandler ["http-nio-9081"]
2025-06-18 13:45:35,903 INFO o.a.j.l.DirectJDKLog [restartedMain] Starting service [Tomcat]
2025-06-18 13:45:35,904 INFO o.a.j.l.DirectJDKLog [restartedMain] Starting Servlet engine: [Apache Tomcat/10.1.19]
2025-06-18 13:45:35,938 INFO o.a.j.l.DirectJDKLog [restartedMain] Initializing Spring embedded WebApplicationContext
2025-06-18 13:45:35,939 INFO o.s.b.w.s.c.ServletWebServerApplicationContext [restartedMain] Root WebApplicationContext: initialization completed in 1051 ms
2025-06-18 13:45:35,992 DEBUG o.s.w.f.GenericFilterBean [restartedMain] Filter 'jwtRequestFilter' configured for use
2025-06-18 13:45:36,069 INFO o.h.j.i.u.LogHelper [restartedMain] HHH000204: Processing PersistenceUnitInfo [name: default]
2025-06-18 13:45:36,112 INFO o.h.Version [restartedMain] HHH000412: Hibernate ORM core version 6.4.4.Final
2025-06-18 13:45:36,134 INFO o.h.c.i.RegionFactoryInitiator [restartedMain] HHH000026: Second-level cache disabled
2025-06-18 13:45:36,282 INFO o.s.o.j.p.SpringPersistenceUnitInfo [restartedMain] No LoadTimeWeaver setup: ignoring JPA class transformer
2025-06-18 13:45:36,303 INFO c.z.h.HikariDataSource [restartedMain] HikariPool-1 - Starting...
2025-06-18 13:45:36,437 INFO c.z.h.p.HikariPool [restartedMain] HikariPool-1 - Added connection org.postgresql.jdbc.PgConnection@d832a62
2025-06-18 13:45:36,438 INFO c.z.h.HikariDataSource [restartedMain] HikariPool-1 - Start completed.
2025-06-18 13:45:36,463 WARN o.h.e.j.d.i.DialectFactoryImpl [restartedMain] HHH90000025: PostgreSQLDialect does not need to be specified explicitly using 'hibernate.dialect' (remove the property setting and it will be selected by default)
2025-06-18 13:45:37,141 INFO o.h.e.t.j.p.i.JtaPlatformInitiator [restartedMain] HHH000489: No JTA platform available (set 'hibernate.transaction.jta.platform' to enable JTA platform integration)
2025-06-18 13:45:37,214 INFO o.s.o.j.AbstractEntityManagerFactoryBean [restartedMain] Initialized JPA EntityManagerFactory for persistence unit 'default'
2025-06-18 13:45:37,718 INFO o.s.s.w.DefaultSecurityFilterChain [restartedMain] Will secure any request with [org.springframework.security.web.session.DisableEncodeUrlFilter@30c8b9f8, org.springframework.security.web.context.request.async.WebAsyncManagerIntegrationFilter@2ac7549, org.springframework.security.web.context.SecurityContextHolderFilter@3b09ad25, org.springframework.security.web.header.HeaderWriterFilter@66986555, org.springframework.web.filter.CorsFilter@30f71321, org.springframework.security.web.authentication.logout.LogoutFilter@73d0df40, com.saminavi.attendancePortal.SaminaviAttendanceApplication.config.security.jwt.JwtRequestFilter@2a3e800, org.springframework.security.web.savedrequest.RequestCacheAwareFilter@2a722359, org.springframework.security.web.servletapi.SecurityContextHolderAwareRequestFilter@421c022d, org.springframework.security.web.authentication.AnonymousAuthenticationFilter@7b638a41, org.springframework.security.web.session.SessionManagementFilter@6afbfe34, org.springframework.security.web.access.ExceptionTranslationFilter@2d51b962, org.springframework.security.web.access.intercept.AuthorizationFilter@2f33bcb4]
2025-06-18 13:45:37,935 WARN o.s.b.d.a.OptionalLiveReloadServer [restartedMain] Unable to start LiveReload server
2025-06-18 13:45:37,950 INFO o.a.j.l.DirectJDKLog [restartedMain] Starting ProtocolHandler ["http-nio-9081"]
2025-06-18 13:45:37,957 WARN o.s.c.s.AbstractApplicationContext [restartedMain] Exception encountered during context initialization - cancelling refresh attempt: org.springframework.context.ApplicationContextException: Failed to start bean 'webServerStartStop'
2025-06-18 13:45:37,960 INFO o.s.o.j.AbstractEntityManagerFactoryBean [restartedMain] Closing JPA EntityManagerFactory for persistence unit 'default'
2025-06-18 13:45:37,963 INFO c.z.h.HikariDataSource [restartedMain] HikariPool-1 - Shutdown initiated...
2025-06-18 13:45:37,967 INFO c.z.h.HikariDataSource [restartedMain] HikariPool-1 - Shutdown completed.
2025-06-18 13:45:37,983 INFO o.s.b.a.l.ConditionEvaluationReportLogger [restartedMain] 

Error starting ApplicationContext. To display the condition evaluation report re-run your application with 'debug' enabled.
2025-06-18 13:45:38,001 ERROR o.s.b.d.LoggingFailureAnalysisReporter [restartedMain] 

***************************
APPLICATION FAILED TO START
***************************

Description:

Web server failed to start. Port 9081 was already in use.

Action:

Identify and stop the process that's listening on port 9081 or configure this application to listen on another port.

2025-06-18 14:17:03,924 INFO o.h.v.i.u.Version [background-preinit] HV000001: Hibernate Validator 8.0.1.Final
2025-06-18 14:17:03,982 INFO o.s.b.StartupInfoLogger [restartedMain] Starting SaminaviAttendanceApplication using Java 21.0.6 with PID 7268 (D:\Applications\Attendance_app\SaminaviAttendanceApplication\SaminaviAttendanceApplication\target\classes started by User in D:\Applications\Attendance_app\SaminaviAttendanceApplication\SaminaviAttendanceApplication)
2025-06-18 14:17:03,984 DEBUG o.s.b.StartupInfoLogger [restartedMain] Running with Spring Boot v3.2.3, Spring v6.1.4
2025-06-18 14:17:03,986 INFO o.s.b.SpringApplication [restartedMain] No active profile set, falling back to 1 default profile: "default"
2025-06-18 14:17:04,040 INFO o.s.b.l.DeferredLog [restartedMain] Devtools property defaults active! Set 'spring.devtools.add-properties' to 'false' to disable
2025-06-18 14:17:04,041 INFO o.s.b.l.DeferredLog [restartedMain] For additional web related logging consider setting the 'logging.level.web' property to 'DEBUG'
2025-06-18 14:17:05,130 INFO o.s.d.r.c.RepositoryConfigurationDelegate [restartedMain] Bootstrapping Spring Data JPA repositories in DEFAULT mode.
2025-06-18 14:17:05,235 INFO o.s.d.r.c.RepositoryConfigurationDelegate [restartedMain] Finished Spring Data repository scanning in 87 ms. Found 2 JPA repository interfaces.
2025-06-18 14:17:06,219 INFO o.s.b.w.e.t.TomcatWebServer [restartedMain] Tomcat initialized with port 9090 (http)
2025-06-18 14:17:06,246 INFO o.a.j.l.DirectJDKLog [restartedMain] Initializing ProtocolHandler ["http-nio-9090"]
2025-06-18 14:17:06,251 INFO o.a.j.l.DirectJDKLog [restartedMain] Starting service [Tomcat]
2025-06-18 14:17:06,253 INFO o.a.j.l.DirectJDKLog [restartedMain] Starting Servlet engine: [Apache Tomcat/10.1.19]
2025-06-18 14:17:06,337 INFO o.a.j.l.DirectJDKLog [restartedMain] Initializing Spring embedded WebApplicationContext
2025-06-18 14:17:06,340 INFO o.s.b.w.s.c.ServletWebServerApplicationContext [restartedMain] Root WebApplicationContext: initialization completed in 2297 ms
2025-06-18 14:17:06,483 DEBUG o.s.w.f.GenericFilterBean [restartedMain] Filter 'jwtRequestFilter' configured for use
2025-06-18 14:17:06,642 INFO o.h.j.i.u.LogHelper [restartedMain] HHH000204: Processing PersistenceUnitInfo [name: default]
2025-06-18 14:17:06,742 INFO o.h.Version [restartedMain] HHH000412: Hibernate ORM core version 6.4.4.Final
2025-06-18 14:17:06,795 INFO o.h.c.i.RegionFactoryInitiator [restartedMain] HHH000026: Second-level cache disabled
2025-06-18 14:17:07,171 INFO o.s.o.j.p.SpringPersistenceUnitInfo [restartedMain] No LoadTimeWeaver setup: ignoring JPA class transformer
2025-06-18 14:17:07,219 INFO c.z.h.HikariDataSource [restartedMain] HikariPool-1 - Starting...
2025-06-18 14:17:07,562 INFO c.z.h.p.HikariPool [restartedMain] HikariPool-1 - Added connection org.postgresql.jdbc.PgConnection@6a4d2b64
2025-06-18 14:17:07,567 INFO c.z.h.HikariDataSource [restartedMain] HikariPool-1 - Start completed.
2025-06-18 14:17:07,606 WARN o.h.e.j.d.i.DialectFactoryImpl [restartedMain] HHH90000025: PostgreSQLDialect does not need to be specified explicitly using 'hibernate.dialect' (remove the property setting and it will be selected by default)
2025-06-18 14:17:09,345 INFO o.h.e.t.j.p.i.JtaPlatformInitiator [restartedMain] HHH000489: No JTA platform available (set 'hibernate.transaction.jta.platform' to enable JTA platform integration)
2025-06-18 14:17:09,596 INFO o.s.o.j.AbstractEntityManagerFactoryBean [restartedMain] Initialized JPA EntityManagerFactory for persistence unit 'default'
2025-06-18 14:17:10,758 INFO o.s.s.w.DefaultSecurityFilterChain [restartedMain] Will secure any request with [org.springframework.security.web.session.DisableEncodeUrlFilter@5df57a7a, org.springframework.security.web.context.request.async.WebAsyncManagerIntegrationFilter@4aeb4dda, org.springframework.security.web.context.SecurityContextHolderFilter@7584965, org.springframework.security.web.header.HeaderWriterFilter@5bcb1604, org.springframework.web.filter.CorsFilter@3b8e734e, org.springframework.security.web.authentication.logout.LogoutFilter@5ed8295e, com.saminavi.attendancePortal.SaminaviAttendanceApplication.config.security.jwt.JwtRequestFilter@369289c2, org.springframework.security.web.savedrequest.RequestCacheAwareFilter@4ed3901c, org.springframework.security.web.servletapi.SecurityContextHolderAwareRequestFilter@fd63800, org.springframework.security.web.authentication.AnonymousAuthenticationFilter@114ca6a1, org.springframework.security.web.session.SessionManagementFilter@8ea58f2, org.springframework.security.web.access.ExceptionTranslationFilter@7145b866, org.springframework.security.web.access.intercept.AuthorizationFilter@14606d2b]
2025-06-18 14:17:11,130 INFO o.s.b.d.a.OptionalLiveReloadServer [restartedMain] LiveReload server is running on port 35729
2025-06-18 14:17:11,161 INFO o.a.j.l.DirectJDKLog [restartedMain] Starting ProtocolHandler ["http-nio-9090"]
2025-06-18 14:17:11,192 INFO o.s.b.w.e.t.TomcatWebServer [restartedMain] Tomcat started on port 9090 (http) with context path ''
2025-06-18 14:17:11,208 INFO o.s.b.StartupInfoLogger [restartedMain] Started SaminaviAttendanceApplication in 8.02 seconds (process running for 8.64)
2025-06-18 14:17:11,208 INFO c.s.a.S.SaminaviAttendanceApplication [restartedMain] Saminavi Attendance Application started successfully!
2025-06-18 14:20:04,506 INFO o.s.b.d.a.LocalDevToolsAutoConfiguration$RestartingClassPathChangeChangedEventListener [File Watcher] Restarting due to 1 class path change (0 additions, 0 deletions, 1 modification)
2025-06-18 14:20:04,513 INFO o.a.j.l.DirectJDKLog [Thread-5] Stopping ProtocolHandler ["http-nio-9090"]
2025-06-18 14:20:04,526 INFO o.s.o.j.AbstractEntityManagerFactoryBean [Thread-5] Closing JPA EntityManagerFactory for persistence unit 'default'
2025-06-18 14:20:04,534 INFO c.z.h.HikariDataSource [Thread-5] HikariPool-1 - Shutdown initiated...
2025-06-18 14:20:04,541 INFO c.z.h.HikariDataSource [Thread-5] HikariPool-1 - Shutdown completed.
2025-06-18 14:20:04,609 INFO c.s.a.S.SaminaviAttendanceApplication [restartedMain] Starting Saminavi Attendance Application...
2025-06-18 14:20:04,663 INFO o.s.b.StartupInfoLogger [restartedMain] Starting SaminaviAttendanceApplication using Java 21.0.6 with PID 7268 (D:\Applications\Attendance_app\SaminaviAttendanceApplication\SaminaviAttendanceApplication\target\classes started by User in D:\Applications\Attendance_app\SaminaviAttendanceApplication\SaminaviAttendanceApplication)
2025-06-18 14:20:04,664 DEBUG o.s.b.StartupInfoLogger [restartedMain] Running with Spring Boot v3.2.3, Spring v6.1.4
2025-06-18 14:20:04,665 INFO o.s.b.SpringApplication [restartedMain] No active profile set, falling back to 1 default profile: "default"
2025-06-18 14:20:04,822 INFO o.s.d.r.c.RepositoryConfigurationDelegate [restartedMain] Bootstrapping Spring Data JPA repositories in DEFAULT mode.
2025-06-18 14:20:04,834 INFO o.s.d.r.c.RepositoryConfigurationDelegate [restartedMain] Finished Spring Data repository scanning in 9 ms. Found 2 JPA repository interfaces.
2025-06-18 14:20:04,919 INFO o.s.b.w.e.t.TomcatWebServer [restartedMain] Tomcat initialized with port 9090 (http)
2025-06-18 14:20:04,920 INFO o.a.j.l.DirectJDKLog [restartedMain] Initializing ProtocolHandler ["http-nio-9090"]
2025-06-18 14:20:04,921 INFO o.a.j.l.DirectJDKLog [restartedMain] Starting service [Tomcat]
2025-06-18 14:20:04,922 INFO o.a.j.l.DirectJDKLog [restartedMain] Starting Servlet engine: [Apache Tomcat/10.1.19]
2025-06-18 14:20:04,939 INFO o.a.j.l.DirectJDKLog [restartedMain] Initializing Spring embedded WebApplicationContext
2025-06-18 14:20:04,939 INFO o.s.b.w.s.c.ServletWebServerApplicationContext [restartedMain] Root WebApplicationContext: initialization completed in 269 ms
2025-06-18 14:20:04,959 DEBUG o.s.w.f.GenericFilterBean [restartedMain] Filter 'jwtRequestFilter' configured for use
2025-06-18 14:20:04,981 INFO o.h.j.i.u.LogHelper [restartedMain] HHH000204: Processing PersistenceUnitInfo [name: default]
2025-06-18 14:20:04,984 INFO o.h.c.i.RegionFactoryInitiator [restartedMain] HHH000026: Second-level cache disabled
2025-06-18 14:20:04,990 INFO o.s.o.j.p.SpringPersistenceUnitInfo [restartedMain] No LoadTimeWeaver setup: ignoring JPA class transformer
2025-06-18 14:20:04,991 INFO c.z.h.HikariDataSource [restartedMain] HikariPool-2 - Starting...
2025-06-18 14:20:05,044 INFO c.z.h.p.HikariPool [restartedMain] HikariPool-2 - Added connection org.postgresql.jdbc.PgConnection@376e381d
2025-06-18 14:20:05,044 INFO c.z.h.HikariDataSource [restartedMain] HikariPool-2 - Start completed.
2025-06-18 14:20:05,051 WARN o.h.e.j.d.i.DialectFactoryImpl [restartedMain] HHH90000025: PostgreSQLDialect does not need to be specified explicitly using 'hibernate.dialect' (remove the property setting and it will be selected by default)
2025-06-18 14:20:05,087 INFO o.h.e.t.j.p.i.JtaPlatformInitiator [restartedMain] HHH000489: No JTA platform available (set 'hibernate.transaction.jta.platform' to enable JTA platform integration)
2025-06-18 14:20:05,138 INFO o.s.o.j.AbstractEntityManagerFactoryBean [restartedMain] Initialized JPA EntityManagerFactory for persistence unit 'default'
2025-06-18 14:20:05,303 INFO o.s.s.w.DefaultSecurityFilterChain [restartedMain] Will secure any request with [org.springframework.security.web.session.DisableEncodeUrlFilter@6bf9c482, org.springframework.security.web.context.request.async.WebAsyncManagerIntegrationFilter@7892c293, org.springframework.security.web.context.SecurityContextHolderFilter@3819c154, org.springframework.security.web.header.HeaderWriterFilter@1c11fe44, org.springframework.web.filter.CorsFilter@36ead612, org.springframework.security.web.authentication.logout.LogoutFilter@37a48b8d, com.saminavi.attendancePortal.SaminaviAttendanceApplication.config.security.jwt.JwtRequestFilter@6958e854, org.springframework.security.web.savedrequest.RequestCacheAwareFilter@505ee0df, org.springframework.security.web.servletapi.SecurityContextHolderAwareRequestFilter@43aec74e, org.springframework.security.web.authentication.AnonymousAuthenticationFilter@4480449f, org.springframework.security.web.session.SessionManagementFilter@12f213e8, org.springframework.security.web.access.ExceptionTranslationFilter@74a39191, org.springframework.security.web.access.intercept.AuthorizationFilter@25faec5c]
2025-06-18 14:20:05,340 INFO o.s.b.d.a.OptionalLiveReloadServer [restartedMain] LiveReload server is running on port 35729
2025-06-18 14:20:05,352 INFO o.a.j.l.DirectJDKLog [restartedMain] Starting ProtocolHandler ["http-nio-9090"]
2025-06-18 14:20:05,358 INFO o.s.b.w.e.t.TomcatWebServer [restartedMain] Tomcat started on port 9090 (http) with context path ''
2025-06-18 14:20:05,361 INFO o.s.b.StartupInfoLogger [restartedMain] Started SaminaviAttendanceApplication in 0.744 seconds (process running for 182.79)
2025-06-18 14:20:05,363 INFO o.s.b.d.a.ConditionEvaluationDeltaLoggingListener [restartedMain] Condition evaluation unchanged
2025-06-18 14:20:05,363 INFO c.s.a.S.SaminaviAttendanceApplication [restartedMain] Saminavi Attendance Application started successfully!
2025-06-18 14:20:06,770 INFO o.s.b.d.a.LocalDevToolsAutoConfiguration$RestartingClassPathChangeChangedEventListener [File Watcher] Restarting due to 1 class path change (0 additions, 0 deletions, 1 modification)
2025-06-18 14:20:06,774 INFO o.a.j.l.DirectJDKLog [Thread-7] Stopping ProtocolHandler ["http-nio-9090"]
2025-06-18 14:20:06,780 INFO o.s.o.j.AbstractEntityManagerFactoryBean [Thread-7] Closing JPA EntityManagerFactory for persistence unit 'default'
2025-06-18 14:20:06,782 INFO c.z.h.HikariDataSource [Thread-7] HikariPool-2 - Shutdown initiated...
2025-06-18 14:20:06,786 INFO c.z.h.HikariDataSource [Thread-7] HikariPool-2 - Shutdown completed.
2025-06-18 14:20:06,836 INFO c.s.a.S.SaminaviAttendanceApplication [restartedMain] Starting Saminavi Attendance Application...
2025-06-18 14:20:06,882 INFO o.s.b.StartupInfoLogger [restartedMain] Starting SaminaviAttendanceApplication using Java 21.0.6 with PID 7268 (D:\Applications\Attendance_app\SaminaviAttendanceApplication\SaminaviAttendanceApplication\target\classes started by User in D:\Applications\Attendance_app\SaminaviAttendanceApplication\SaminaviAttendanceApplication)
2025-06-18 14:20:06,883 DEBUG o.s.b.StartupInfoLogger [restartedMain] Running with Spring Boot v3.2.3, Spring v6.1.4
2025-06-18 14:20:06,884 INFO o.s.b.SpringApplication [restartedMain] No active profile set, falling back to 1 default profile: "default"
2025-06-18 14:20:06,973 INFO o.s.d.r.c.RepositoryConfigurationDelegate [restartedMain] Bootstrapping Spring Data JPA repositories in DEFAULT mode.
2025-06-18 14:20:06,973 INFO o.s.d.r.c.RepositoryConfigurationDelegate [restartedMain] Finished Spring Data repository scanning in 7 ms. Found 2 JPA repository interfaces.
2025-06-18 14:20:07,050 INFO o.s.b.w.e.t.TomcatWebServer [restartedMain] Tomcat initialized with port 9090 (http)
2025-06-18 14:20:07,050 INFO o.a.j.l.DirectJDKLog [restartedMain] Initializing ProtocolHandler ["http-nio-9090"]
2025-06-18 14:20:07,050 INFO o.a.j.l.DirectJDKLog [restartedMain] Starting service [Tomcat]
2025-06-18 14:20:07,050 INFO o.a.j.l.DirectJDKLog [restartedMain] Starting Servlet engine: [Apache Tomcat/10.1.19]
2025-06-18 14:20:07,071 INFO o.a.j.l.DirectJDKLog [restartedMain] Initializing Spring embedded WebApplicationContext
2025-06-18 14:20:07,073 INFO o.s.b.w.s.c.ServletWebServerApplicationContext [restartedMain] Root WebApplicationContext: initialization completed in 186 ms
2025-06-18 14:20:07,085 DEBUG o.s.w.f.GenericFilterBean [restartedMain] Filter 'jwtRequestFilter' configured for use
2025-06-18 14:20:07,109 INFO o.h.j.i.u.LogHelper [restartedMain] HHH000204: Processing PersistenceUnitInfo [name: default]
2025-06-18 14:20:07,112 INFO o.h.c.i.RegionFactoryInitiator [restartedMain] HHH000026: Second-level cache disabled
2025-06-18 14:20:07,115 INFO o.s.o.j.p.SpringPersistenceUnitInfo [restartedMain] No LoadTimeWeaver setup: ignoring JPA class transformer
2025-06-18 14:20:07,117 INFO c.z.h.HikariDataSource [restartedMain] HikariPool-3 - Starting...
2025-06-18 14:20:07,152 INFO c.z.h.p.HikariPool [restartedMain] HikariPool-3 - Added connection org.postgresql.jdbc.PgConnection@6e64cf7e
2025-06-18 14:20:07,152 INFO c.z.h.HikariDataSource [restartedMain] HikariPool-3 - Start completed.
2025-06-18 14:20:07,167 WARN o.h.e.j.d.i.DialectFactoryImpl [restartedMain] HHH90000025: PostgreSQLDialect does not need to be specified explicitly using 'hibernate.dialect' (remove the property setting and it will be selected by default)
2025-06-18 14:20:07,212 INFO o.h.e.t.j.p.i.JtaPlatformInitiator [restartedMain] HHH000489: No JTA platform available (set 'hibernate.transaction.jta.platform' to enable JTA platform integration)
2025-06-18 14:20:07,235 INFO o.s.o.j.AbstractEntityManagerFactoryBean [restartedMain] Initialized JPA EntityManagerFactory for persistence unit 'default'
2025-06-18 14:20:07,379 INFO o.s.s.w.DefaultSecurityFilterChain [restartedMain] Will secure any request with [org.springframework.security.web.session.DisableEncodeUrlFilter@3aa42acc, org.springframework.security.web.context.request.async.WebAsyncManagerIntegrationFilter@4d13b948, org.springframework.security.web.context.SecurityContextHolderFilter@6dc07dcd, org.springframework.security.web.header.HeaderWriterFilter@4eab5265, org.springframework.web.filter.CorsFilter@67b02db0, org.springframework.security.web.authentication.logout.LogoutFilter@54647484, com.saminavi.attendancePortal.SaminaviAttendanceApplication.config.security.jwt.JwtRequestFilter@57fea12c, org.springframework.security.web.savedrequest.RequestCacheAwareFilter@76cee096, org.springframework.security.web.servletapi.SecurityContextHolderAwareRequestFilter@62e2bc50, org.springframework.security.web.authentication.AnonymousAuthenticationFilter@39c03bb, org.springframework.security.web.session.SessionManagementFilter@1729e6e2, org.springframework.security.web.access.ExceptionTranslationFilter@4a3a35e6, org.springframework.security.web.access.intercept.AuthorizationFilter@22d8c207]
2025-06-18 14:20:07,425 INFO o.s.b.d.a.OptionalLiveReloadServer [restartedMain] LiveReload server is running on port 35729
2025-06-18 14:20:07,427 INFO o.a.j.l.DirectJDKLog [restartedMain] Starting ProtocolHandler ["http-nio-9090"]
2025-06-18 14:20:07,437 INFO o.s.b.w.e.t.TomcatWebServer [restartedMain] Tomcat started on port 9090 (http) with context path ''
2025-06-18 14:20:07,440 INFO o.s.b.StartupInfoLogger [restartedMain] Started SaminaviAttendanceApplication in 0.585 seconds (process running for 184.869)
2025-06-18 14:20:07,441 INFO o.s.b.d.a.ConditionEvaluationDeltaLoggingListener [restartedMain] Condition evaluation unchanged
2025-06-18 14:20:07,441 INFO c.s.a.S.SaminaviAttendanceApplication [restartedMain] Saminavi Attendance Application started successfully!
2025-06-18 14:20:25,125 INFO o.s.b.d.a.LocalDevToolsAutoConfiguration$RestartingClassPathChangeChangedEventListener [File Watcher] Restarting due to 1 class path change (0 additions, 0 deletions, 1 modification)
2025-06-18 14:20:25,125 INFO o.a.j.l.DirectJDKLog [Thread-11] Stopping ProtocolHandler ["http-nio-9090"]
2025-06-18 14:20:25,136 INFO o.s.o.j.AbstractEntityManagerFactoryBean [Thread-11] Closing JPA EntityManagerFactory for persistence unit 'default'
2025-06-18 14:20:25,137 INFO c.z.h.HikariDataSource [Thread-11] HikariPool-3 - Shutdown initiated...
2025-06-18 14:20:25,139 INFO c.z.h.HikariDataSource [Thread-11] HikariPool-3 - Shutdown completed.
2025-06-18 14:20:25,183 INFO c.s.a.S.SaminaviAttendanceApplication [restartedMain] Starting Saminavi Attendance Application...
2025-06-18 14:20:25,211 INFO o.s.b.StartupInfoLogger [restartedMain] Starting SaminaviAttendanceApplication using Java 21.0.6 with PID 7268 (D:\Applications\Attendance_app\SaminaviAttendanceApplication\SaminaviAttendanceApplication\target\classes started by User in D:\Applications\Attendance_app\SaminaviAttendanceApplication\SaminaviAttendanceApplication)
2025-06-18 14:20:25,211 DEBUG o.s.b.StartupInfoLogger [restartedMain] Running with Spring Boot v3.2.3, Spring v6.1.4
2025-06-18 14:20:25,211 INFO o.s.b.SpringApplication [restartedMain] No active profile set, falling back to 1 default profile: "default"
2025-06-18 14:20:25,304 INFO o.s.d.r.c.RepositoryConfigurationDelegate [restartedMain] Bootstrapping Spring Data JPA repositories in DEFAULT mode.
2025-06-18 14:20:25,315 INFO o.s.d.r.c.RepositoryConfigurationDelegate [restartedMain] Finished Spring Data repository scanning in 5 ms. Found 2 JPA repository interfaces.
2025-06-18 14:20:25,374 INFO o.s.b.w.e.t.TomcatWebServer [restartedMain] Tomcat initialized with port 9080 (http)
2025-06-18 14:20:25,381 INFO o.a.j.l.DirectJDKLog [restartedMain] Initializing ProtocolHandler ["http-nio-9080"]
2025-06-18 14:20:25,383 INFO o.a.j.l.DirectJDKLog [restartedMain] Starting service [Tomcat]
2025-06-18 14:20:25,383 INFO o.a.j.l.DirectJDKLog [restartedMain] Starting Servlet engine: [Apache Tomcat/10.1.19]
2025-06-18 14:20:25,393 INFO o.a.j.l.DirectJDKLog [restartedMain] Initializing Spring embedded WebApplicationContext
2025-06-18 14:20:25,393 INFO o.s.b.w.s.c.ServletWebServerApplicationContext [restartedMain] Root WebApplicationContext: initialization completed in 178 ms
2025-06-18 14:20:25,409 DEBUG o.s.w.f.GenericFilterBean [restartedMain] Filter 'jwtRequestFilter' configured for use
2025-06-18 14:20:25,429 INFO o.h.j.i.u.LogHelper [restartedMain] HHH000204: Processing PersistenceUnitInfo [name: default]
2025-06-18 14:20:25,430 INFO o.h.c.i.RegionFactoryInitiator [restartedMain] HHH000026: Second-level cache disabled
2025-06-18 14:20:25,433 INFO o.s.o.j.p.SpringPersistenceUnitInfo [restartedMain] No LoadTimeWeaver setup: ignoring JPA class transformer
2025-06-18 14:20:25,433 INFO c.z.h.HikariDataSource [restartedMain] HikariPool-4 - Starting...
2025-06-18 14:20:25,474 INFO c.z.h.p.HikariPool [restartedMain] HikariPool-4 - Added connection org.postgresql.jdbc.PgConnection@378dec5a
2025-06-18 14:20:25,482 INFO c.z.h.HikariDataSource [restartedMain] HikariPool-4 - Start completed.
2025-06-18 14:20:25,482 WARN o.h.e.j.d.i.DialectFactoryImpl [restartedMain] HHH90000025: PostgreSQLDialect does not need to be specified explicitly using 'hibernate.dialect' (remove the property setting and it will be selected by default)
2025-06-18 14:20:25,531 INFO o.h.e.t.j.p.i.JtaPlatformInitiator [restartedMain] HHH000489: No JTA platform available (set 'hibernate.transaction.jta.platform' to enable JTA platform integration)
2025-06-18 14:20:25,577 INFO o.s.o.j.AbstractEntityManagerFactoryBean [restartedMain] Initialized JPA EntityManagerFactory for persistence unit 'default'
2025-06-18 14:20:25,707 INFO o.s.s.w.DefaultSecurityFilterChain [restartedMain] Will secure any request with [org.springframework.security.web.session.DisableEncodeUrlFilter@3c502f05, org.springframework.security.web.context.request.async.WebAsyncManagerIntegrationFilter@22553812, org.springframework.security.web.context.SecurityContextHolderFilter@672ffa43, org.springframework.security.web.header.HeaderWriterFilter@93100d7, org.springframework.web.filter.CorsFilter@6cbcb00b, org.springframework.security.web.authentication.logout.LogoutFilter@27472b86, com.saminavi.attendancePortal.SaminaviAttendanceApplication.config.security.jwt.JwtRequestFilter@1724c102, org.springframework.security.web.savedrequest.RequestCacheAwareFilter@7d5efde3, org.springframework.security.web.servletapi.SecurityContextHolderAwareRequestFilter@7ce87d27, org.springframework.security.web.authentication.AnonymousAuthenticationFilter@6f28383b, org.springframework.security.web.session.SessionManagementFilter@218c40b1, org.springframework.security.web.access.ExceptionTranslationFilter@682e58b5, org.springframework.security.web.access.intercept.AuthorizationFilter@12c22aa5]
2025-06-18 14:20:25,740 INFO o.s.b.d.a.OptionalLiveReloadServer [restartedMain] LiveReload server is running on port 35729
2025-06-18 14:20:25,749 INFO o.a.j.l.DirectJDKLog [restartedMain] Starting ProtocolHandler ["http-nio-9080"]
2025-06-18 14:20:25,753 INFO o.s.b.w.e.t.TomcatWebServer [restartedMain] Tomcat started on port 9080 (http) with context path ''
2025-06-18 14:20:25,757 INFO o.s.b.StartupInfoLogger [restartedMain] Started SaminaviAttendanceApplication in 0.574 seconds (process running for 203.186)
2025-06-18 14:20:25,760 INFO o.s.b.d.a.ConditionEvaluationDeltaLoggingListener [restartedMain] Condition evaluation unchanged
2025-06-18 14:20:25,761 INFO c.s.a.S.SaminaviAttendanceApplication [restartedMain] Saminavi Attendance Application started successfully!
2025-06-18 14:21:59,019 INFO o.a.j.l.DirectJDKLog [http-nio-9080-exec-7] Initializing Spring DispatcherServlet 'dispatcherServlet'
2025-06-18 14:21:59,022 INFO o.s.w.s.FrameworkServlet [http-nio-9080-exec-7] Initializing Servlet 'dispatcherServlet'
2025-06-18 14:21:59,024 INFO o.s.w.s.FrameworkServlet [http-nio-9080-exec-7] Completed initialization in 1 ms
2025-06-18 14:21:59,046 DEBUG o.s.s.w.FilterChainProxy [http-nio-9080-exec-7] Securing POST /api/auth/register
2025-06-18 14:21:59,058 DEBUG o.s.s.w.a.AnonymousAuthenticationFilter [http-nio-9080-exec-7] Set SecurityContextHolder to anonymous SecurityContext
2025-06-18 14:21:59,061 DEBUG o.s.s.w.FilterChainProxy [http-nio-9080-exec-7] Secured POST /api/auth/register
2025-06-18 14:21:59,305 DEBUG o.h.e.j.s.SqlStatementLogger [http-nio-9080-exec-7] 
    select
        e1_0.id,
        e1_0.email,
        e1_0.employee_id,
        e1_0.name,
        e1_0.password_hash,
        e1_0.username 
    from
        employees e1_0 
    where
        e1_0.username=?
2025-06-18 14:21:59,316 DEBUG o.h.e.j.s.SqlStatementLogger [http-nio-9080-exec-7] 
    select
        e1_0.id,
        e1_0.email,
        e1_0.employee_id,
        e1_0.name,
        e1_0.password_hash,
        e1_0.username 
    from
        employees e1_0 
    where
        e1_0.employee_id=?
2025-06-18 14:21:59,324 DEBUG o.h.e.j.s.SqlStatementLogger [http-nio-9080-exec-7] 
    select
        e1_0.id,
        e1_0.email,
        e1_0.employee_id,
        e1_0.name,
        e1_0.password_hash,
        e1_0.username 
    from
        employees e1_0 
    where
        e1_0.email=?
2025-06-18 14:21:59,441 DEBUG o.h.e.j.s.SqlStatementLogger [http-nio-9080-exec-7] 
    insert 
    into
        employees
        (email, employee_id, name, password_hash, username) 
    values
        (?, ?, ?, ?, ?)
2025-06-18 14:25:01,043 DEBUG o.s.s.w.f.HttpStatusRequestRejectedHandler [http-nio-9080-exec-5] Rejecting request due to: The request was rejected because the URL contained a potentially malicious String "//"
org.springframework.security.web.firewall.RequestRejectedException: The request was rejected because the URL contained a potentially malicious String "//"
	at org.springframework.security.web.firewall.StrictHttpFirewall.rejectedBlocklistedUrls(StrictHttpFirewall.java:535)
	at org.springframework.security.web.firewall.StrictHttpFirewall.getFirewalledRequest(StrictHttpFirewall.java:505)
	at org.springframework.security.web.FilterChainProxy.doFilterInternal(FilterChainProxy.java:211)
	at org.springframework.security.web.FilterChainProxy.doFilter(FilterChainProxy.java:191)
	at org.springframework.web.filter.CompositeFilter$VirtualFilterChain.doFilter(CompositeFilter.java:113)
	at org.springframework.web.servlet.handler.HandlerMappingIntrospector.lambda$createCacheFilter$3(HandlerMappingIntrospector.java:195)
	at org.springframework.web.filter.CompositeFilter$VirtualFilterChain.doFilter(CompositeFilter.java:113)
	at org.springframework.web.filter.CompositeFilter.doFilter(CompositeFilter.java:74)
	at org.springframework.security.config.annotation.web.configuration.WebMvcSecurityConfiguration$CompositeFilterChainProxy.doFilter(WebMvcSecurityConfiguration.java:230)
	at org.springframework.web.filter.DelegatingFilterProxy.invokeDelegate(DelegatingFilterProxy.java:352)
	at org.springframework.web.filter.DelegatingFilterProxy.doFilter(DelegatingFilterProxy.java:268)
	at org.apache.catalina.core.ApplicationFilterChain.internalDoFilter(ApplicationFilterChain.java:174)
	at org.apache.catalina.core.ApplicationFilterChain.doFilter(ApplicationFilterChain.java:149)
	at org.springframework.web.filter.RequestContextFilter.doFilterInternal(RequestContextFilter.java:100)
	at org.springframework.web.filter.OncePerRequestFilter.doFilter(OncePerRequestFilter.java:116)
	at org.apache.catalina.core.ApplicationFilterChain.internalDoFilter(ApplicationFilterChain.java:174)
	at org.apache.catalina.core.ApplicationFilterChain.doFilter(ApplicationFilterChain.java:149)
	at org.springframework.web.filter.FormContentFilter.doFilterInternal(FormContentFilter.java:93)
	at org.springframework.web.filter.OncePerRequestFilter.doFilter(OncePerRequestFilter.java:116)
	at org.apache.catalina.core.ApplicationFilterChain.internalDoFilter(ApplicationFilterChain.java:174)
	at org.apache.catalina.core.ApplicationFilterChain.doFilter(ApplicationFilterChain.java:149)
	at org.springframework.web.filter.CharacterEncodingFilter.doFilterInternal(CharacterEncodingFilter.java:201)
	at org.springframework.web.filter.OncePerRequestFilter.doFilter(OncePerRequestFilter.java:116)
	at org.apache.catalina.core.ApplicationFilterChain.internalDoFilter(ApplicationFilterChain.java:174)
	at org.apache.catalina.core.ApplicationFilterChain.doFilter(ApplicationFilterChain.java:149)
	at org.apache.catalina.core.StandardWrapperValve.invoke(StandardWrapperValve.java:167)
	at org.apache.catalina.core.StandardContextValve.invoke(StandardContextValve.java:90)
	at org.apache.catalina.authenticator.AuthenticatorBase.invoke(AuthenticatorBase.java:482)
	at org.apache.catalina.core.StandardHostValve.invoke(StandardHostValve.java:115)
	at org.apache.catalina.valves.ErrorReportValve.invoke(ErrorReportValve.java:93)
	at org.apache.catalina.core.StandardEngineValve.invoke(StandardEngineValve.java:74)
	at org.apache.catalina.connector.CoyoteAdapter.service(CoyoteAdapter.java:344)
	at org.apache.coyote.http11.Http11Processor.service(Http11Processor.java:391)
	at org.apache.coyote.AbstractProcessorLight.process(AbstractProcessorLight.java:63)
	at org.apache.coyote.AbstractProtocol$ConnectionHandler.process(AbstractProtocol.java:896)
	at org.apache.tomcat.util.net.NioEndpoint$SocketProcessor.doRun(NioEndpoint.java:1744)
	at org.apache.tomcat.util.net.SocketProcessorBase.run(SocketProcessorBase.java:52)
	at org.apache.tomcat.util.threads.ThreadPoolExecutor.runWorker(ThreadPoolExecutor.java:1191)
	at org.apache.tomcat.util.threads.ThreadPoolExecutor$Worker.run(ThreadPoolExecutor.java:659)
	at org.apache.tomcat.util.threads.TaskThread$WrappingRunnable.run(TaskThread.java:63)
	at java.base/java.lang.Thread.run(Thread.java:1583)
2025-06-18 14:25:01,062 DEBUG o.s.s.w.FilterChainProxy [http-nio-9080-exec-5] Securing POST /error
2025-06-18 14:25:01,062 DEBUG o.s.s.w.a.AnonymousAuthenticationFilter [http-nio-9080-exec-5] Set SecurityContextHolder to anonymous SecurityContext
2025-06-18 14:25:01,065 DEBUG o.s.s.w.a.Http403ForbiddenEntryPoint [http-nio-9080-exec-5] Pre-authenticated entry point called. Rejecting access
2025-06-18 14:25:14,653 DEBUG o.s.s.w.FilterChainProxy [http-nio-9080-exec-6] Securing POST /api/attendance/clock-in
2025-06-18 14:25:14,654 DEBUG o.s.s.w.a.AnonymousAuthenticationFilter [http-nio-9080-exec-6] Set SecurityContextHolder to anonymous SecurityContext
2025-06-18 14:25:14,656 DEBUG o.s.s.w.a.Http403ForbiddenEntryPoint [http-nio-9080-exec-6] Pre-authenticated entry point called. Rejecting access
2025-06-18 14:25:14,657 DEBUG o.s.s.w.FilterChainProxy [http-nio-9080-exec-6] Securing POST /error
2025-06-18 14:25:14,657 DEBUG o.s.s.w.a.AnonymousAuthenticationFilter [http-nio-9080-exec-6] Set SecurityContextHolder to anonymous SecurityContext
2025-06-18 14:25:14,658 DEBUG o.s.s.w.a.Http403ForbiddenEntryPoint [http-nio-9080-exec-6] Pre-authenticated entry point called. Rejecting access
2025-06-18 14:26:58,288 DEBUG o.s.s.w.FilterChainProxy [http-nio-9080-exec-2] Securing POST /api/auth/login
2025-06-18 14:26:58,289 DEBUG o.s.s.w.a.AnonymousAuthenticationFilter [http-nio-9080-exec-2] Set SecurityContextHolder to anonymous SecurityContext
2025-06-18 14:26:58,290 DEBUG o.s.s.w.FilterChainProxy [http-nio-9080-exec-2] Secured POST /api/auth/login
2025-06-18 14:26:58,382 DEBUG o.h.e.j.s.SqlStatementLogger [http-nio-9080-exec-2] 
    select
        e1_0.id,
        e1_0.email,
        e1_0.employee_id,
        e1_0.name,
        e1_0.password_hash,
        e1_0.username 
    from
        employees e1_0 
    where
        e1_0.username=?
2025-06-18 14:26:58,480 DEBUG o.s.s.a.d.AbstractUserDetailsAuthenticationProvider [http-nio-9080-exec-2] Authenticated user
2025-06-18 14:28:52,689 DEBUG o.s.s.w.FilterChainProxy [http-nio-9080-exec-7] Securing POST /api/attendance/clock-in
2025-06-18 14:28:52,708 DEBUG o.h.e.j.s.SqlStatementLogger [http-nio-9080-exec-7] 
    select
        e1_0.id,
        e1_0.email,
        e1_0.employee_id,
        e1_0.name,
        e1_0.password_hash,
        e1_0.username 
    from
        employees e1_0 
    where
        e1_0.username=?
2025-06-18 14:28:52,715 DEBUG o.s.s.w.FilterChainProxy [http-nio-9080-exec-7] Secured POST /api/attendance/clock-in
2025-06-18 14:28:52,719 DEBUG o.h.e.j.s.SqlStatementLogger [http-nio-9080-exec-7] 
    select
        e1_0.id,
        e1_0.email,
        e1_0.employee_id,
        e1_0.name,
        e1_0.password_hash,
        e1_0.username 
    from
        employees e1_0 
    where
        e1_0.username=?
2025-06-18 14:28:52,728 DEBUG o.h.e.j.s.SqlStatementLogger [http-nio-9080-exec-7] 
    select
        a1_0.id,
        a1_0.clock_in_time,
        a1_0.clock_out_time,
        a1_0.date,
        a1_0.employee_id 
    from
        attendance a1_0 
    where
        a1_0.employee_id=? 
        and a1_0.date=?
2025-06-18 14:28:52,748 DEBUG o.h.e.j.s.SqlStatementLogger [http-nio-9080-exec-7] 
    insert 
    into
        attendance
        (clock_in_time, clock_out_time, date, employee_id) 
    values
        (?, ?, ?, ?)
2025-06-18 14:28:52,827 ERROR c.s.a.S.s.AttendanceService [http-nio-9080-exec-7] Failed to send clock in email to employee: sridhar.uppu
org.springframework.mail.MailSendException: Mail server connection failed. Failed messages: org.eclipse.angus.mail.util.MailConnectException: Couldn't connect to host, port: smtp.example.com, 587; timeout -1;
  nested exception is:
	java.net.UnknownHostException: smtp.example.com
	at org.springframework.mail.javamail.JavaMailSenderImpl.doSend(JavaMailSenderImpl.java:410)
	at org.springframework.mail.javamail.JavaMailSenderImpl.send(JavaMailSenderImpl.java:317)
	at org.springframework.mail.MailSender.send(MailSender.java:42)
	at com.saminavi.attendancePortal.SaminaviAttendanceApplication.service.EmailService.sendEmail(EmailService.java:24)
	at com.saminavi.attendancePortal.SaminaviAttendanceApplication.service.AttendanceService.sendClockInEmail(AttendanceService.java:106)
	at com.saminavi.attendancePortal.SaminaviAttendanceApplication.service.AttendanceService.clockIn(AttendanceService.java:55)
	at java.base/jdk.internal.reflect.DirectMethodHandleAccessor.invoke(DirectMethodHandleAccessor.java:103)
	at java.base/java.lang.reflect.Method.invoke(Method.java:580)
	at org.springframework.aop.support.AopUtils.invokeJoinpointUsingReflection(AopUtils.java:351)
	at org.springframework.aop.framework.ReflectiveMethodInvocation.invokeJoinpoint(ReflectiveMethodInvocation.java:196)
	at org.springframework.aop.framework.ReflectiveMethodInvocation.proceed(ReflectiveMethodInvocation.java:163)
	at org.springframework.aop.framework.CglibAopProxy$CglibMethodInvocation.proceed(CglibAopProxy.java:765)
	at org.springframework.transaction.interceptor.TransactionInterceptor$1.proceedWithInvocation(TransactionInterceptor.java:123)
	at org.springframework.transaction.interceptor.TransactionAspectSupport.invokeWithinTransaction(TransactionAspectSupport.java:385)
	at org.springframework.transaction.interceptor.TransactionInterceptor.invoke(TransactionInterceptor.java:119)
	at org.springframework.aop.framework.ReflectiveMethodInvocation.proceed(ReflectiveMethodInvocation.java:184)
	at org.springframework.aop.framework.CglibAopProxy$CglibMethodInvocation.proceed(CglibAopProxy.java:765)
	at org.springframework.aop.framework.CglibAopProxy$DynamicAdvisedInterceptor.intercept(CglibAopProxy.java:717)
	at com.saminavi.attendancePortal.SaminaviAttendanceApplication.service.AttendanceService$$SpringCGLIB$$0.clockIn(<generated>)
	at com.saminavi.attendancePortal.SaminaviAttendanceApplication.controller.AttendanceController.clockIn(AttendanceController.java:32)
	at java.base/jdk.internal.reflect.DirectMethodHandleAccessor.invoke(DirectMethodHandleAccessor.java:103)
	at java.base/java.lang.reflect.Method.invoke(Method.java:580)
	at org.springframework.web.method.support.InvocableHandlerMethod.doInvoke(InvocableHandlerMethod.java:259)
	at org.springframework.web.method.support.InvocableHandlerMethod.invokeForRequest(InvocableHandlerMethod.java:192)
	at org.springframework.web.servlet.mvc.method.annotation.ServletInvocableHandlerMethod.invokeAndHandle(ServletInvocableHandlerMethod.java:118)
	at org.springframework.web.servlet.mvc.method.annotation.RequestMappingHandlerAdapter.invokeHandlerMethod(RequestMappingHandlerAdapter.java:920)
	at org.springframework.web.servlet.mvc.method.annotation.RequestMappingHandlerAdapter.handleInternal(RequestMappingHandlerAdapter.java:830)
	at org.springframework.web.servlet.mvc.method.AbstractHandlerMethodAdapter.handle(AbstractHandlerMethodAdapter.java:87)
	at org.springframework.web.servlet.DispatcherServlet.doDispatch(DispatcherServlet.java:1089)
	at org.springframework.web.servlet.DispatcherServlet.doService(DispatcherServlet.java:979)
	at org.springframework.web.servlet.FrameworkServlet.processRequest(FrameworkServlet.java:1014)
	at org.springframework.web.servlet.FrameworkServlet.doPost(FrameworkServlet.java:914)
	at jakarta.servlet.http.HttpServlet.service(HttpServlet.java:590)
	at org.springframework.web.servlet.FrameworkServlet.service(FrameworkServlet.java:885)
	at jakarta.servlet.http.HttpServlet.service(HttpServlet.java:658)
	at org.apache.catalina.core.ApplicationFilterChain.internalDoFilter(ApplicationFilterChain.java:205)
	at org.apache.catalina.core.ApplicationFilterChain.doFilter(ApplicationFilterChain.java:149)
	at org.apache.tomcat.websocket.server.WsFilter.doFilter(WsFilter.java:51)
	at org.apache.catalina.core.ApplicationFilterChain.internalDoFilter(ApplicationFilterChain.java:174)
	at org.apache.catalina.core.ApplicationFilterChain.doFilter(ApplicationFilterChain.java:149)
	at org.springframework.web.filter.OncePerRequestFilter.doFilter(OncePerRequestFilter.java:110)
	at org.apache.catalina.core.ApplicationFilterChain.internalDoFilter(ApplicationFilterChain.java:174)
	at org.apache.catalina.core.ApplicationFilterChain.doFilter(ApplicationFilterChain.java:149)
	at org.springframework.web.filter.CompositeFilter$VirtualFilterChain.doFilter(CompositeFilter.java:108)
	at org.springframework.security.web.FilterChainProxy.lambda$doFilterInternal$3(FilterChainProxy.java:231)
	at org.springframework.security.web.FilterChainProxy$VirtualFilterChain.doFilter(FilterChainProxy.java:365)
	at org.springframework.security.web.access.intercept.AuthorizationFilter.doFilter(AuthorizationFilter.java:100)
	at org.springframework.security.web.FilterChainProxy$VirtualFilterChain.doFilter(FilterChainProxy.java:374)
	at org.springframework.security.web.access.ExceptionTranslationFilter.doFilter(ExceptionTranslationFilter.java:126)
	at org.springframework.security.web.access.ExceptionTranslationFilter.doFilter(ExceptionTranslationFilter.java:120)
	at org.springframework.security.web.FilterChainProxy$VirtualFilterChain.doFilter(FilterChainProxy.java:374)
	at org.springframework.security.web.session.SessionManagementFilter.doFilter(SessionManagementFilter.java:131)
	at org.springframework.security.web.session.SessionManagementFilter.doFilter(SessionManagementFilter.java:85)
	at org.springframework.security.web.FilterChainProxy$VirtualFilterChain.doFilter(FilterChainProxy.java:374)
	at org.springframework.security.web.authentication.AnonymousAuthenticationFilter.doFilter(AnonymousAuthenticationFilter.java:100)
	at org.springframework.security.web.FilterChainProxy$VirtualFilterChain.doFilter(FilterChainProxy.java:374)
	at org.springframework.security.web.servletapi.SecurityContextHolderAwareRequestFilter.doFilter(SecurityContextHolderAwareRequestFilter.java:179)
	at org.springframework.security.web.FilterChainProxy$VirtualFilterChain.doFilter(FilterChainProxy.java:374)
	at org.springframework.security.web.savedrequest.RequestCacheAwareFilter.doFilter(RequestCacheAwareFilter.java:63)
	at org.springframework.security.web.FilterChainProxy$VirtualFilterChain.doFilter(FilterChainProxy.java:374)
	at com.saminavi.attendancePortal.SaminaviAttendanceApplication.config.security.jwt.JwtRequestFilter.doFilterInternal(JwtRequestFilter.java:78)
	at org.springframework.web.filter.OncePerRequestFilter.doFilter(OncePerRequestFilter.java:116)
	at org.springframework.security.web.FilterChainProxy$VirtualFilterChain.doFilter(FilterChainProxy.java:374)
	at org.springframework.security.web.authentication.logout.LogoutFilter.doFilter(LogoutFilter.java:107)
	at org.springframework.security.web.authentication.logout.LogoutFilter.doFilter(LogoutFilter.java:93)
	at org.springframework.security.web.FilterChainProxy$VirtualFilterChain.doFilter(FilterChainProxy.java:374)
	at org.springframework.web.filter.CorsFilter.doFilterInternal(CorsFilter.java:91)
	at org.springframework.web.filter.OncePerRequestFilter.doFilter(OncePerRequestFilter.java:116)
	at org.springframework.security.web.FilterChainProxy$VirtualFilterChain.doFilter(FilterChainProxy.java:374)
	at org.springframework.security.web.header.HeaderWriterFilter.doHeadersAfter(HeaderWriterFilter.java:90)
	at org.springframework.security.web.header.HeaderWriterFilter.doFilterInternal(HeaderWriterFilter.java:75)
	at org.springframework.web.filter.OncePerRequestFilter.doFilter(OncePerRequestFilter.java:116)
	at org.springframework.security.web.FilterChainProxy$VirtualFilterChain.doFilter(FilterChainProxy.java:374)
	at org.springframework.security.web.context.SecurityContextHolderFilter.doFilter(SecurityContextHolderFilter.java:82)
	at org.springframework.security.web.context.SecurityContextHolderFilter.doFilter(SecurityContextHolderFilter.java:69)
	at org.springframework.security.web.FilterChainProxy$VirtualFilterChain.doFilter(FilterChainProxy.java:374)
	at org.springframework.security.web.context.request.async.WebAsyncManagerIntegrationFilter.doFilterInternal(WebAsyncManagerIntegrationFilter.java:62)
	at org.springframework.web.filter.OncePerRequestFilter.doFilter(OncePerRequestFilter.java:116)
	at org.springframework.security.web.FilterChainProxy$VirtualFilterChain.doFilter(FilterChainProxy.java:374)
	at org.springframework.security.web.session.DisableEncodeUrlFilter.doFilterInternal(DisableEncodeUrlFilter.java:42)
	at org.springframework.web.filter.OncePerRequestFilter.doFilter(OncePerRequestFilter.java:116)
	at org.springframework.security.web.FilterChainProxy$VirtualFilterChain.doFilter(FilterChainProxy.java:374)
	at org.springframework.security.web.FilterChainProxy.doFilterInternal(FilterChainProxy.java:233)
	at org.springframework.security.web.FilterChainProxy.doFilter(FilterChainProxy.java:191)
	at org.springframework.web.filter.CompositeFilter$VirtualFilterChain.doFilter(CompositeFilter.java:113)
	at org.springframework.web.servlet.handler.HandlerMappingIntrospector.lambda$createCacheFilter$3(HandlerMappingIntrospector.java:195)
	at org.springframework.web.filter.CompositeFilter$VirtualFilterChain.doFilter(CompositeFilter.java:113)
	at org.springframework.web.filter.CompositeFilter.doFilter(CompositeFilter.java:74)
	at org.springframework.security.config.annotation.web.configuration.WebMvcSecurityConfiguration$CompositeFilterChainProxy.doFilter(WebMvcSecurityConfiguration.java:230)
	at org.springframework.web.filter.DelegatingFilterProxy.invokeDelegate(DelegatingFilterProxy.java:352)
	at org.springframework.web.filter.DelegatingFilterProxy.doFilter(DelegatingFilterProxy.java:268)
	at org.apache.catalina.core.ApplicationFilterChain.internalDoFilter(ApplicationFilterChain.java:174)
	at org.apache.catalina.core.ApplicationFilterChain.doFilter(ApplicationFilterChain.java:149)
	at org.springframework.web.filter.RequestContextFilter.doFilterInternal(RequestContextFilter.java:100)
	at org.springframework.web.filter.OncePerRequestFilter.doFilter(OncePerRequestFilter.java:116)
	at org.apache.catalina.core.ApplicationFilterChain.internalDoFilter(ApplicationFilterChain.java:174)
	at org.apache.catalina.core.ApplicationFilterChain.doFilter(ApplicationFilterChain.java:149)
	at org.springframework.web.filter.FormContentFilter.doFilterInternal(FormContentFilter.java:93)
	at org.springframework.web.filter.OncePerRequestFilter.doFilter(OncePerRequestFilter.java:116)
	at org.apache.catalina.core.ApplicationFilterChain.internalDoFilter(ApplicationFilterChain.java:174)
	at org.apache.catalina.core.ApplicationFilterChain.doFilter(ApplicationFilterChain.java:149)
	at org.springframework.web.filter.CharacterEncodingFilter.doFilterInternal(CharacterEncodingFilter.java:201)
	at org.springframework.web.filter.OncePerRequestFilter.doFilter(OncePerRequestFilter.java:116)
	at org.apache.catalina.core.ApplicationFilterChain.internalDoFilter(ApplicationFilterChain.java:174)
	at org.apache.catalina.core.ApplicationFilterChain.doFilter(ApplicationFilterChain.java:149)
	at org.apache.catalina.core.StandardWrapperValve.invoke(StandardWrapperValve.java:167)
	at org.apache.catalina.core.StandardContextValve.invoke(StandardContextValve.java:90)
	at org.apache.catalina.authenticator.AuthenticatorBase.invoke(AuthenticatorBase.java:482)
	at org.apache.catalina.core.StandardHostValve.invoke(StandardHostValve.java:115)
	at org.apache.catalina.valves.ErrorReportValve.invoke(ErrorReportValve.java:93)
	at org.apache.catalina.core.StandardEngineValve.invoke(StandardEngineValve.java:74)
	at org.apache.catalina.connector.CoyoteAdapter.service(CoyoteAdapter.java:344)
	at org.apache.coyote.http11.Http11Processor.service(Http11Processor.java:391)
	at org.apache.coyote.AbstractProcessorLight.process(AbstractProcessorLight.java:63)
	at org.apache.coyote.AbstractProtocol$ConnectionHandler.process(AbstractProtocol.java:896)
	at org.apache.tomcat.util.net.NioEndpoint$SocketProcessor.doRun(NioEndpoint.java:1744)
	at org.apache.tomcat.util.net.SocketProcessorBase.run(SocketProcessorBase.java:52)
	at org.apache.tomcat.util.threads.ThreadPoolExecutor.runWorker(ThreadPoolExecutor.java:1191)
	at org.apache.tomcat.util.threads.ThreadPoolExecutor$Worker.run(ThreadPoolExecutor.java:659)
	at org.apache.tomcat.util.threads.TaskThread$WrappingRunnable.run(TaskThread.java:63)
	at java.base/java.lang.Thread.run(Thread.java:1583)
Caused by: org.eclipse.angus.mail.util.MailConnectException: Couldn't connect to host, port: smtp.example.com, 587; timeout -1
	at org.eclipse.angus.mail.smtp.SMTPTransport.openServer(SMTPTransport.java:2243)
	at org.eclipse.angus.mail.smtp.SMTPTransport.protocolConnect(SMTPTransport.java:729)
	at jakarta.mail.Service.connect(Service.java:345)
	at org.springframework.mail.javamail.JavaMailSenderImpl.connectTransport(JavaMailSenderImpl.java:480)
	at org.springframework.mail.javamail.JavaMailSenderImpl.doSend(JavaMailSenderImpl.java:399)
	... 120 common frames omitted
Caused by: java.net.UnknownHostException: smtp.example.com
	at java.base/sun.nio.ch.NioSocketImpl.connect(NioSocketImpl.java:567)
	at java.base/java.net.SocksSocketImpl.connect(SocksSocketImpl.java:327)
	at java.base/java.net.Socket.connect(Socket.java:751)
	at java.base/java.net.Socket.connect(Socket.java:686)
	at org.eclipse.angus.mail.util.SocketFetcher.createSocket(SocketFetcher.java:360)
	at org.eclipse.angus.mail.util.SocketFetcher.getSocket(SocketFetcher.java:235)
	at org.eclipse.angus.mail.smtp.SMTPTransport.openServer(SMTPTransport.java:2193)
	... 124 common frames omitted
2025-06-18 14:28:52,851 ERROR c.s.a.S.s.NotificationService [http-nio-9080-exec-7] Failed to send clock in notifications for employee: sridhar.uppu
org.springframework.mail.MailSendException: Mail server connection failed. Failed messages: org.eclipse.angus.mail.util.MailConnectException: Couldn't connect to host, port: smtp.example.com, 587; timeout -1;
  nested exception is:
	java.net.UnknownHostException: smtp.example.com
	at org.springframework.mail.javamail.JavaMailSenderImpl.doSend(JavaMailSenderImpl.java:410)
	at org.springframework.mail.javamail.JavaMailSenderImpl.send(JavaMailSenderImpl.java:317)
	at org.springframework.mail.MailSender.send(MailSender.java:42)
	at com.saminavi.attendancePortal.SaminaviAttendanceApplication.service.EmailService.sendEmail(EmailService.java:24)
	at com.saminavi.attendancePortal.SaminaviAttendanceApplication.service.NotificationService.sendHRClockInNotification(NotificationService.java:81)
	at com.saminavi.attendancePortal.SaminaviAttendanceApplication.service.NotificationService.notifyClockIn(NotificationService.java:36)
	at com.saminavi.attendancePortal.SaminaviAttendanceApplication.service.AttendanceService.clockIn(AttendanceService.java:58)
	at java.base/jdk.internal.reflect.DirectMethodHandleAccessor.invoke(DirectMethodHandleAccessor.java:103)
	at java.base/java.lang.reflect.Method.invoke(Method.java:580)
	at org.springframework.aop.support.AopUtils.invokeJoinpointUsingReflection(AopUtils.java:351)
	at org.springframework.aop.framework.ReflectiveMethodInvocation.invokeJoinpoint(ReflectiveMethodInvocation.java:196)
	at org.springframework.aop.framework.ReflectiveMethodInvocation.proceed(ReflectiveMethodInvocation.java:163)
	at org.springframework.aop.framework.CglibAopProxy$CglibMethodInvocation.proceed(CglibAopProxy.java:765)
	at org.springframework.transaction.interceptor.TransactionInterceptor$1.proceedWithInvocation(TransactionInterceptor.java:123)
	at org.springframework.transaction.interceptor.TransactionAspectSupport.invokeWithinTransaction(TransactionAspectSupport.java:385)
	at org.springframework.transaction.interceptor.TransactionInterceptor.invoke(TransactionInterceptor.java:119)
	at org.springframework.aop.framework.ReflectiveMethodInvocation.proceed(ReflectiveMethodInvocation.java:184)
	at org.springframework.aop.framework.CglibAopProxy$CglibMethodInvocation.proceed(CglibAopProxy.java:765)
	at org.springframework.aop.framework.CglibAopProxy$DynamicAdvisedInterceptor.intercept(CglibAopProxy.java:717)
	at com.saminavi.attendancePortal.SaminaviAttendanceApplication.service.AttendanceService$$SpringCGLIB$$0.clockIn(<generated>)
	at com.saminavi.attendancePortal.SaminaviAttendanceApplication.controller.AttendanceController.clockIn(AttendanceController.java:32)
	at java.base/jdk.internal.reflect.DirectMethodHandleAccessor.invoke(DirectMethodHandleAccessor.java:103)
	at java.base/java.lang.reflect.Method.invoke(Method.java:580)
	at org.springframework.web.method.support.InvocableHandlerMethod.doInvoke(InvocableHandlerMethod.java:259)
	at org.springframework.web.method.support.InvocableHandlerMethod.invokeForRequest(InvocableHandlerMethod.java:192)
	at org.springframework.web.servlet.mvc.method.annotation.ServletInvocableHandlerMethod.invokeAndHandle(ServletInvocableHandlerMethod.java:118)
	at org.springframework.web.servlet.mvc.method.annotation.RequestMappingHandlerAdapter.invokeHandlerMethod(RequestMappingHandlerAdapter.java:920)
	at org.springframework.web.servlet.mvc.method.annotation.RequestMappingHandlerAdapter.handleInternal(RequestMappingHandlerAdapter.java:830)
	at org.springframework.web.servlet.mvc.method.AbstractHandlerMethodAdapter.handle(AbstractHandlerMethodAdapter.java:87)
	at org.springframework.web.servlet.DispatcherServlet.doDispatch(DispatcherServlet.java:1089)
	at org.springframework.web.servlet.DispatcherServlet.doService(DispatcherServlet.java:979)
	at org.springframework.web.servlet.FrameworkServlet.processRequest(FrameworkServlet.java:1014)
	at org.springframework.web.servlet.FrameworkServlet.doPost(FrameworkServlet.java:914)
	at jakarta.servlet.http.HttpServlet.service(HttpServlet.java:590)
	at org.springframework.web.servlet.FrameworkServlet.service(FrameworkServlet.java:885)
	at jakarta.servlet.http.HttpServlet.service(HttpServlet.java:658)
	at org.apache.catalina.core.ApplicationFilterChain.internalDoFilter(ApplicationFilterChain.java:205)
	at org.apache.catalina.core.ApplicationFilterChain.doFilter(ApplicationFilterChain.java:149)
	at org.apache.tomcat.websocket.server.WsFilter.doFilter(WsFilter.java:51)
	at org.apache.catalina.core.ApplicationFilterChain.internalDoFilter(ApplicationFilterChain.java:174)
	at org.apache.catalina.core.ApplicationFilterChain.doFilter(ApplicationFilterChain.java:149)
	at org.springframework.web.filter.OncePerRequestFilter.doFilter(OncePerRequestFilter.java:110)
	at org.apache.catalina.core.ApplicationFilterChain.internalDoFilter(ApplicationFilterChain.java:174)
	at org.apache.catalina.core.ApplicationFilterChain.doFilter(ApplicationFilterChain.java:149)
	at org.springframework.web.filter.CompositeFilter$VirtualFilterChain.doFilter(CompositeFilter.java:108)
	at org.springframework.security.web.FilterChainProxy.lambda$doFilterInternal$3(FilterChainProxy.java:231)
	at org.springframework.security.web.FilterChainProxy$VirtualFilterChain.doFilter(FilterChainProxy.java:365)
	at org.springframework.security.web.access.intercept.AuthorizationFilter.doFilter(AuthorizationFilter.java:100)
	at org.springframework.security.web.FilterChainProxy$VirtualFilterChain.doFilter(FilterChainProxy.java:374)
	at org.springframework.security.web.access.ExceptionTranslationFilter.doFilter(ExceptionTranslationFilter.java:126)
	at org.springframework.security.web.access.ExceptionTranslationFilter.doFilter(ExceptionTranslationFilter.java:120)
	at org.springframework.security.web.FilterChainProxy$VirtualFilterChain.doFilter(FilterChainProxy.java:374)
	at org.springframework.security.web.session.SessionManagementFilter.doFilter(SessionManagementFilter.java:131)
	at org.springframework.security.web.session.SessionManagementFilter.doFilter(SessionManagementFilter.java:85)
	at org.springframework.security.web.FilterChainProxy$VirtualFilterChain.doFilter(FilterChainProxy.java:374)
	at org.springframework.security.web.authentication.AnonymousAuthenticationFilter.doFilter(AnonymousAuthenticationFilter.java:100)
	at org.springframework.security.web.FilterChainProxy$VirtualFilterChain.doFilter(FilterChainProxy.java:374)
	at org.springframework.security.web.servletapi.SecurityContextHolderAwareRequestFilter.doFilter(SecurityContextHolderAwareRequestFilter.java:179)
	at org.springframework.security.web.FilterChainProxy$VirtualFilterChain.doFilter(FilterChainProxy.java:374)
	at org.springframework.security.web.savedrequest.RequestCacheAwareFilter.doFilter(RequestCacheAwareFilter.java:63)
	at org.springframework.security.web.FilterChainProxy$VirtualFilterChain.doFilter(FilterChainProxy.java:374)
	at com.saminavi.attendancePortal.SaminaviAttendanceApplication.config.security.jwt.JwtRequestFilter.doFilterInternal(JwtRequestFilter.java:78)
	at org.springframework.web.filter.OncePerRequestFilter.doFilter(OncePerRequestFilter.java:116)
	at org.springframework.security.web.FilterChainProxy$VirtualFilterChain.doFilter(FilterChainProxy.java:374)
	at org.springframework.security.web.authentication.logout.LogoutFilter.doFilter(LogoutFilter.java:107)
	at org.springframework.security.web.authentication.logout.LogoutFilter.doFilter(LogoutFilter.java:93)
	at org.springframework.security.web.FilterChainProxy$VirtualFilterChain.doFilter(FilterChainProxy.java:374)
	at org.springframework.web.filter.CorsFilter.doFilterInternal(CorsFilter.java:91)
	at org.springframework.web.filter.OncePerRequestFilter.doFilter(OncePerRequestFilter.java:116)
	at org.springframework.security.web.FilterChainProxy$VirtualFilterChain.doFilter(FilterChainProxy.java:374)
	at org.springframework.security.web.header.HeaderWriterFilter.doHeadersAfter(HeaderWriterFilter.java:90)
	at org.springframework.security.web.header.HeaderWriterFilter.doFilterInternal(HeaderWriterFilter.java:75)
	at org.springframework.web.filter.OncePerRequestFilter.doFilter(OncePerRequestFilter.java:116)
	at org.springframework.security.web.FilterChainProxy$VirtualFilterChain.doFilter(FilterChainProxy.java:374)
	at org.springframework.security.web.context.SecurityContextHolderFilter.doFilter(SecurityContextHolderFilter.java:82)
	at org.springframework.security.web.context.SecurityContextHolderFilter.doFilter(SecurityContextHolderFilter.java:69)
	at org.springframework.security.web.FilterChainProxy$VirtualFilterChain.doFilter(FilterChainProxy.java:374)
	at org.springframework.security.web.context.request.async.WebAsyncManagerIntegrationFilter.doFilterInternal(WebAsyncManagerIntegrationFilter.java:62)
	at org.springframework.web.filter.OncePerRequestFilter.doFilter(OncePerRequestFilter.java:116)
	at org.springframework.security.web.FilterChainProxy$VirtualFilterChain.doFilter(FilterChainProxy.java:374)
	at org.springframework.security.web.session.DisableEncodeUrlFilter.doFilterInternal(DisableEncodeUrlFilter.java:42)
	at org.springframework.web.filter.OncePerRequestFilter.doFilter(OncePerRequestFilter.java:116)
	at org.springframework.security.web.FilterChainProxy$VirtualFilterChain.doFilter(FilterChainProxy.java:374)
	at org.springframework.security.web.FilterChainProxy.doFilterInternal(FilterChainProxy.java:233)
	at org.springframework.security.web.FilterChainProxy.doFilter(FilterChainProxy.java:191)
	at org.springframework.web.filter.CompositeFilter$VirtualFilterChain.doFilter(CompositeFilter.java:113)
	at org.springframework.web.servlet.handler.HandlerMappingIntrospector.lambda$createCacheFilter$3(HandlerMappingIntrospector.java:195)
	at org.springframework.web.filter.CompositeFilter$VirtualFilterChain.doFilter(CompositeFilter.java:113)
	at org.springframework.web.filter.CompositeFilter.doFilter(CompositeFilter.java:74)
	at org.springframework.security.config.annotation.web.configuration.WebMvcSecurityConfiguration$CompositeFilterChainProxy.doFilter(WebMvcSecurityConfiguration.java:230)
	at org.springframework.web.filter.DelegatingFilterProxy.invokeDelegate(DelegatingFilterProxy.java:352)
	at org.springframework.web.filter.DelegatingFilterProxy.doFilter(DelegatingFilterProxy.java:268)
	at org.apache.catalina.core.ApplicationFilterChain.internalDoFilter(ApplicationFilterChain.java:174)
	at org.apache.catalina.core.ApplicationFilterChain.doFilter(ApplicationFilterChain.java:149)
	at org.springframework.web.filter.RequestContextFilter.doFilterInternal(RequestContextFilter.java:100)
	at org.springframework.web.filter.OncePerRequestFilter.doFilter(OncePerRequestFilter.java:116)
	at org.apache.catalina.core.ApplicationFilterChain.internalDoFilter(ApplicationFilterChain.java:174)
	at org.apache.catalina.core.ApplicationFilterChain.doFilter(ApplicationFilterChain.java:149)
	at org.springframework.web.filter.FormContentFilter.doFilterInternal(FormContentFilter.java:93)
	at org.springframework.web.filter.OncePerRequestFilter.doFilter(OncePerRequestFilter.java:116)
	at org.apache.catalina.core.ApplicationFilterChain.internalDoFilter(ApplicationFilterChain.java:174)
	at org.apache.catalina.core.ApplicationFilterChain.doFilter(ApplicationFilterChain.java:149)
	at org.springframework.web.filter.CharacterEncodingFilter.doFilterInternal(CharacterEncodingFilter.java:201)
	at org.springframework.web.filter.OncePerRequestFilter.doFilter(OncePerRequestFilter.java:116)
	at org.apache.catalina.core.ApplicationFilterChain.internalDoFilter(ApplicationFilterChain.java:174)
	at org.apache.catalina.core.ApplicationFilterChain.doFilter(ApplicationFilterChain.java:149)
	at org.apache.catalina.core.StandardWrapperValve.invoke(StandardWrapperValve.java:167)
	at org.apache.catalina.core.StandardContextValve.invoke(StandardContextValve.java:90)
	at org.apache.catalina.authenticator.AuthenticatorBase.invoke(AuthenticatorBase.java:482)
	at org.apache.catalina.core.StandardHostValve.invoke(StandardHostValve.java:115)
	at org.apache.catalina.valves.ErrorReportValve.invoke(ErrorReportValve.java:93)
	at org.apache.catalina.core.StandardEngineValve.invoke(StandardEngineValve.java:74)
	at org.apache.catalina.connector.CoyoteAdapter.service(CoyoteAdapter.java:344)
	at org.apache.coyote.http11.Http11Processor.service(Http11Processor.java:391)
	at org.apache.coyote.AbstractProcessorLight.process(AbstractProcessorLight.java:63)
	at org.apache.coyote.AbstractProtocol$ConnectionHandler.process(AbstractProtocol.java:896)
	at org.apache.tomcat.util.net.NioEndpoint$SocketProcessor.doRun(NioEndpoint.java:1744)
	at org.apache.tomcat.util.net.SocketProcessorBase.run(SocketProcessorBase.java:52)
	at org.apache.tomcat.util.threads.ThreadPoolExecutor.runWorker(ThreadPoolExecutor.java:1191)
	at org.apache.tomcat.util.threads.ThreadPoolExecutor$Worker.run(ThreadPoolExecutor.java:659)
	at org.apache.tomcat.util.threads.TaskThread$WrappingRunnable.run(TaskThread.java:63)
	at java.base/java.lang.Thread.run(Thread.java:1583)
Caused by: org.eclipse.angus.mail.util.MailConnectException: Couldn't connect to host, port: smtp.example.com, 587; timeout -1
	at org.eclipse.angus.mail.smtp.SMTPTransport.openServer(SMTPTransport.java:2243)
	at org.eclipse.angus.mail.smtp.SMTPTransport.protocolConnect(SMTPTransport.java:729)
	at jakarta.mail.Service.connect(Service.java:345)
	at org.springframework.mail.javamail.JavaMailSenderImpl.connectTransport(JavaMailSenderImpl.java:480)
	at org.springframework.mail.javamail.JavaMailSenderImpl.doSend(JavaMailSenderImpl.java:399)
	... 121 common frames omitted
Caused by: java.net.UnknownHostException: smtp.example.com
	at java.base/sun.nio.ch.NioSocketImpl.connect(NioSocketImpl.java:567)
	at java.base/java.net.SocksSocketImpl.connect(SocksSocketImpl.java:327)
	at java.base/java.net.Socket.connect(Socket.java:751)
	at java.base/java.net.Socket.connect(Socket.java:686)
	at org.eclipse.angus.mail.util.SocketFetcher.createSocket(SocketFetcher.java:360)
	at org.eclipse.angus.mail.util.SocketFetcher.getSocket(SocketFetcher.java:235)
	at org.eclipse.angus.mail.smtp.SMTPTransport.openServer(SMTPTransport.java:2193)
	... 125 common frames omitted
2025-06-18 14:32:21,573 INFO o.s.b.d.a.LocalDevToolsAutoConfiguration$RestartingClassPathChangeChangedEventListener [File Watcher] Restarting due to 1 class path change (0 additions, 0 deletions, 1 modification)
2025-06-18 14:32:21,580 INFO o.a.j.l.DirectJDKLog [Thread-15] Stopping ProtocolHandler ["http-nio-9080"]
2025-06-18 14:32:21,587 INFO o.s.o.j.AbstractEntityManagerFactoryBean [Thread-15] Closing JPA EntityManagerFactory for persistence unit 'default'
2025-06-18 14:32:21,589 INFO c.z.h.HikariDataSource [Thread-15] HikariPool-4 - Shutdown initiated...
2025-06-18 14:32:21,594 INFO c.z.h.HikariDataSource [Thread-15] HikariPool-4 - Shutdown completed.
2025-06-18 14:32:21,642 INFO c.s.a.S.SaminaviAttendanceApplication [restartedMain] Starting Saminavi Attendance Application...
2025-06-18 14:32:21,669 INFO o.s.b.StartupInfoLogger [restartedMain] Starting SaminaviAttendanceApplication using Java 21.0.6 with PID 7268 (D:\Applications\Attendance_app\SaminaviAttendanceApplication\SaminaviAttendanceApplication\target\classes started by User in D:\Applications\Attendance_app\SaminaviAttendanceApplication\SaminaviAttendanceApplication)
2025-06-18 14:32:21,670 DEBUG o.s.b.StartupInfoLogger [restartedMain] Running with Spring Boot v3.2.3, Spring v6.1.4
2025-06-18 14:32:21,670 INFO o.s.b.SpringApplication [restartedMain] No active profile set, falling back to 1 default profile: "default"
2025-06-18 14:32:21,754 INFO o.s.d.r.c.RepositoryConfigurationDelegate [restartedMain] Bootstrapping Spring Data JPA repositories in DEFAULT mode.
2025-06-18 14:32:21,761 INFO o.s.d.r.c.RepositoryConfigurationDelegate [restartedMain] Finished Spring Data repository scanning in 5 ms. Found 2 JPA repository interfaces.
2025-06-18 14:32:21,835 INFO o.s.b.w.e.t.TomcatWebServer [restartedMain] Tomcat initialized with port 9080 (http)
2025-06-18 14:32:21,836 INFO o.a.j.l.DirectJDKLog [restartedMain] Initializing ProtocolHandler ["http-nio-9080"]
2025-06-18 14:32:21,837 INFO o.a.j.l.DirectJDKLog [restartedMain] Starting service [Tomcat]
2025-06-18 14:32:21,837 INFO o.a.j.l.DirectJDKLog [restartedMain] Starting Servlet engine: [Apache Tomcat/10.1.19]
2025-06-18 14:32:21,846 INFO o.a.j.l.DirectJDKLog [restartedMain] Initializing Spring embedded WebApplicationContext
2025-06-18 14:32:21,847 INFO o.s.b.w.s.c.ServletWebServerApplicationContext [restartedMain] Root WebApplicationContext: initialization completed in 176 ms
2025-06-18 14:32:21,857 DEBUG o.s.w.f.GenericFilterBean [restartedMain] Filter 'jwtRequestFilter' configured for use
2025-06-18 14:32:21,875 INFO o.h.j.i.u.LogHelper [restartedMain] HHH000204: Processing PersistenceUnitInfo [name: default]
2025-06-18 14:32:21,877 INFO o.h.c.i.RegionFactoryInitiator [restartedMain] HHH000026: Second-level cache disabled
2025-06-18 14:32:21,880 INFO o.s.o.j.p.SpringPersistenceUnitInfo [restartedMain] No LoadTimeWeaver setup: ignoring JPA class transformer
2025-06-18 14:32:21,881 INFO c.z.h.HikariDataSource [restartedMain] HikariPool-5 - Starting...
2025-06-18 14:32:21,914 INFO c.z.h.p.HikariPool [restartedMain] HikariPool-5 - Added connection org.postgresql.jdbc.PgConnection@7333aad2
2025-06-18 14:32:21,915 INFO c.z.h.HikariDataSource [restartedMain] HikariPool-5 - Start completed.
2025-06-18 14:32:21,919 WARN o.h.e.j.d.i.DialectFactoryImpl [restartedMain] HHH90000025: PostgreSQLDialect does not need to be specified explicitly using 'hibernate.dialect' (remove the property setting and it will be selected by default)
2025-06-18 14:32:21,955 INFO o.h.e.t.j.p.i.JtaPlatformInitiator [restartedMain] HHH000489: No JTA platform available (set 'hibernate.transaction.jta.platform' to enable JTA platform integration)
2025-06-18 14:32:21,989 INFO o.s.o.j.AbstractEntityManagerFactoryBean [restartedMain] Initialized JPA EntityManagerFactory for persistence unit 'default'
2025-06-18 14:32:22,109 INFO o.s.s.w.DefaultSecurityFilterChain [restartedMain] Will secure any request with [org.springframework.security.web.session.DisableEncodeUrlFilter@7cbf64fc, org.springframework.security.web.context.request.async.WebAsyncManagerIntegrationFilter@6317dff7, org.springframework.security.web.context.SecurityContextHolderFilter@5e0fe5cc, org.springframework.security.web.header.HeaderWriterFilter@565a1ee4, org.springframework.web.filter.CorsFilter@47651cb0, org.springframework.security.web.authentication.logout.LogoutFilter@444b8756, com.saminavi.attendancePortal.SaminaviAttendanceApplication.config.security.jwt.JwtRequestFilter@7c524823, org.springframework.security.web.savedrequest.RequestCacheAwareFilter@248f575b, org.springframework.security.web.servletapi.SecurityContextHolderAwareRequestFilter@22a4d010, org.springframework.security.web.authentication.AnonymousAuthenticationFilter@1216a44d, org.springframework.security.web.session.SessionManagementFilter@69fe0c7b, org.springframework.security.web.access.ExceptionTranslationFilter@49266b95, org.springframework.security.web.access.intercept.AuthorizationFilter@64d62e07]
2025-06-18 14:32:22,158 INFO o.s.b.d.a.OptionalLiveReloadServer [restartedMain] LiveReload server is running on port 35729
2025-06-18 14:32:22,164 INFO o.a.j.l.DirectJDKLog [restartedMain] Starting ProtocolHandler ["http-nio-9080"]
2025-06-18 14:32:22,173 INFO o.s.b.w.e.t.TomcatWebServer [restartedMain] Tomcat started on port 9080 (http) with context path ''
2025-06-18 14:32:22,176 INFO o.s.b.StartupInfoLogger [restartedMain] Started SaminaviAttendanceApplication in 0.531 seconds (process running for 919.605)
2025-06-18 14:32:22,177 INFO o.s.b.d.a.ConditionEvaluationDeltaLoggingListener [restartedMain] Condition evaluation unchanged
2025-06-18 14:32:22,177 INFO c.s.a.S.SaminaviAttendanceApplication [restartedMain] Saminavi Attendance Application started successfully!
